Running "module reset". Resetting modules to system default. The following $MODULEPATH directories have been removed: None

Currently Loaded Modules:
  1) gcc/11.4.0      4) cue-login-env/1.0   7) cudnn/8.9.0.131
  2) openmpi/4.1.6   5) slurm-env/0.1       8) anaconda3_gpu/23.9.0
  3) cuda/11.8.0     6) default-s11

 

[2024-08-03 13:50:06,976 INFO Client2]: Logging to ./output/result_Client2_8.txt
[2024-08-03 13:50:33,220 INFO Client2]:      Round   Pre Val?       Time Train Loss Train Accuracy   Val Loss Val Accuracy
[2024-08-03 13:50:34,135 INFO Client2]:          0          Y                                          2.3050      11.3500
[2024-08-03 13:50:36,803 INFO Client2]:          0          N     2.6671     0.2273        97.3300     5.7844      68.8500
[2024-08-03 13:50:36,998 INFO Client2]:          1          Y                                          1.5696      66.6100
[2024-08-03 13:50:38,777 INFO Client2]:          1          N     1.7792     0.0516        99.3655     4.9101      68.7900
[2024-08-03 13:50:38,979 INFO Client2]:          2          Y                                          1.7150      64.6100
[2024-08-03 13:50:40,829 INFO Client2]:          2          N     1.8496     0.0377        99.5493     5.0367      69.0100
[2024-08-03 13:50:41,106 INFO Client2]:          3          Y                                          0.3994      87.2300
[2024-08-03 13:50:42,974 INFO Client2]:          3          N     1.8678     0.0268        99.6651     4.7914      69.0900
[2024-08-03 13:50:43,416 INFO Client2]:          4          Y                                          0.2735      91.3500
[2024-08-03 13:50:45,279 INFO Client2]:          4          N     1.8622     0.0206        99.7731     3.8872      69.1400
[2024-08-03 13:50:45,464 INFO Client2]:          5          Y                                          0.1806      94.1800
[2024-08-03 13:50:47,314 INFO Client2]:          5          N     1.8488     0.0137        99.8357     3.6971      69.2400
[2024-08-03 13:50:47,502 INFO Client2]:          6          Y                                          0.1222      96.4600
[2024-08-03 13:50:49,350 INFO Client2]:          6          N     1.8475     0.0163        99.8451     3.1893      69.3000
[2024-08-03 13:50:49,545 INFO Client2]:          7          Y                                          0.0774      97.8000
[2024-08-03 13:50:51,403 INFO Client2]:          7          N     1.8576     0.0120        99.8842     2.9517      70.2400
[2024-08-03 13:50:51,592 INFO Client2]:          8          Y                                          0.0939      97.5800
[2024-08-03 13:50:53,449 INFO Client2]:          8          N     1.8566     0.0124        99.8451     2.6004      70.6600
[2024-08-03 13:50:53,635 INFO Client2]:          9          Y                                          0.0649      98.2400
[2024-08-03 13:50:55,477 INFO Client2]:          9          N     1.8418     0.0129        99.8732     2.2886      72.4300
[2024-08-03 13:50:55,687 INFO Client2]:         10          Y                                          0.0636      98.3800
[2024-08-03 13:50:57,536 INFO Client2]:         10          N     1.8480     0.0115        99.8951     2.5756      72.6600
[2024-08-03 13:50:57,722 INFO Client2]:         11          Y                                          0.0659      98.3200
[2024-08-03 13:50:59,598 INFO Client2]:         11          N     1.8753     0.0101        99.9092     1.7206      75.7400
[2024-08-03 13:50:59,779 INFO Client2]:         12          Y                                          0.0657      98.4800
[2024-08-03 13:51:01,649 INFO Client2]:         12          N     1.8699     0.0162        99.8638     2.1107      76.1100
[2024-08-03 13:51:01,834 INFO Client2]:         13          Y                                          0.0647      98.6900
[2024-08-03 13:51:03,687 INFO Client2]:         13          N     1.8529     0.0145        99.8842     1.4779      78.8000
[2024-08-03 13:51:03,875 INFO Client2]:         14          Y                                          0.0600      98.6700
[2024-08-03 13:51:05,742 INFO Client2]:         14          N     1.8666     0.0098        99.9202     1.6185      79.1700
[2024-08-03 13:51:05,956 INFO Client2]:         15          Y                                          0.0642      98.6600
[2024-08-03 13:51:07,827 INFO Client2]:         15          N     1.8696     0.0076        99.9280     1.5083      77.9900
[2024-08-03 13:51:08,009 INFO Client2]:         16          Y                                          0.0648      98.4100
[2024-08-03 13:51:09,871 INFO Client2]:         16          N     1.8614     0.0091        99.9327     1.1840      82.0200
[2024-08-03 13:51:10,060 INFO Client2]:         17          Y                                          0.0670      98.7000
[2024-08-03 13:51:12,021 INFO Client2]:         17          N     1.9601     0.0002        99.9969     0.9056      87.2200
[2024-08-03 13:51:12,202 INFO Client2]:         18          Y                                          0.0562      98.8100
[2024-08-03 13:51:14,057 INFO Client2]:         18          N     1.8546     0.0138        99.9077     1.6523      82.6800
[2024-08-03 13:51:14,288 INFO Client2]:         19          Y                                          0.0684      98.8300
[2024-08-03 13:51:16,160 INFO Client2]:         19          N     1.8711     0.0128        99.9124     1.5031      80.9800
[2024-08-03 13:51:16,412 INFO Client2]:         20          Y                                          0.0770      98.8100
[2024-08-03 13:51:18,284 INFO Client2]:         20          N     1.8711     0.0120        99.9311     1.0327      86.3900
[2024-08-03 13:51:18,467 INFO Client2]:         21          Y                                          0.0696      98.6800
[2024-08-03 13:51:20,344 INFO Client2]:         21          N     1.8763     0.0088        99.9358     1.2829      84.8400
[2024-08-03 13:51:20,520 INFO Client2]:         22          Y                                          0.0790      98.9900
[2024-08-03 13:51:22,400 INFO Client2]:         22          N     1.8792     0.0148        99.9092     1.8277      80.5900
[2024-08-03 13:51:22,625 INFO Client2]:         23          Y                                          0.0677      98.8900
[2024-08-03 13:51:24,508 INFO Client2]:         23          N     1.8820     0.0001        99.9984     0.8291      89.0200
[2024-08-03 13:51:24,682 INFO Client2]:         24          Y                                          0.0761      99.0900
[2024-08-03 13:51:26,545 INFO Client2]:         24          N     1.8621     0.0001        99.9984     1.3957      86.4800
