Running "module reset". Resetting modules to system default. The following $MODULEPATH directories have been removed: None

Currently Loaded Modules:
  1) gcc/11.4.0      4) cue-login-env/1.0   7) cudnn/8.9.0.131
  2) openmpi/4.1.6   5) slurm-env/0.1       8) anaconda3_gpu/23.9.0
  3) cuda/11.8.0     6) default-s11

 

[2024-08-05 13:10:04,660 INFO Client2]: Logging to ./output/result_Client2_10.txt
[2024-08-05 13:10:29,287 INFO Client2]:      Round   Pre Val?       Time Train Loss Train Accuracy   Val Loss Val Accuracy
[2024-08-05 13:10:29,516 INFO Client2]:          0          Y                                          2.3015       9.7500
[2024-08-05 13:10:31,596 INFO Client2]:          0          N     2.0794     0.2195        97.3659     5.7255      68.7500
[2024-08-05 13:10:31,850 INFO Client2]:          1          Y                                          1.6259      67.8400
[2024-08-05 13:10:33,884 INFO Client2]:          1          N     2.0333     0.0765        99.1079     4.8325      68.9100
[2024-08-05 13:10:34,408 INFO Client2]:          2          Y                                          1.7591      64.1300
[2024-08-05 13:10:36,468 INFO Client2]:          2          N     2.0597     0.0407        99.5054     4.6417      68.7900
[2024-08-05 13:10:36,714 INFO Client2]:          3          Y                                          0.3418      88.7000
[2024-08-05 13:10:38,740 INFO Client2]:          3          N     2.0260     0.0269        99.6776     4.3280      68.8700
[2024-08-05 13:10:39,006 INFO Client2]:          4          Y                                          0.1724      94.9100
[2024-08-05 13:10:41,028 INFO Client2]:          4          N     2.0213     0.0204        99.7558     3.5869      68.9600
[2024-08-05 13:10:41,227 INFO Client2]:          5          Y                                          0.1131      96.6300
[2024-08-05 13:10:43,268 INFO Client2]:          5          N     2.0405     0.0180        99.7684     2.9394      69.3400
[2024-08-05 13:10:43,452 INFO Client2]:          6          Y                                          0.0966      97.0800
[2024-08-05 13:10:45,451 INFO Client2]:          6          N     1.9989     0.0142        99.8122     2.5300      69.7300
[2024-08-05 13:10:45,694 INFO Client2]:          7          Y                                          0.0843      97.5200
[2024-08-05 13:10:47,723 INFO Client2]:          7          N     2.0288     0.0117        99.8607     2.9333      69.7900
[2024-08-05 13:10:47,902 INFO Client2]:          8          Y                                          0.0805      97.7100
[2024-08-05 13:10:49,888 INFO Client2]:          8          N     1.9861     0.0114        99.8811     2.2381      71.5400
[2024-08-05 13:10:50,076 INFO Client2]:          9          Y                                          0.0743      98.0300
[2024-08-05 13:10:52,075 INFO Client2]:          9          N     1.9984     0.0098        99.9092     2.4301      73.7100
[2024-08-05 13:10:52,258 INFO Client2]:         10          Y                                          0.0916      97.7600
[2024-08-05 13:10:54,276 INFO Client2]:         10          N     2.0173     0.0080        99.8998     2.7550      71.7000
[2024-08-05 13:10:54,462 INFO Client2]:         11          Y                                          0.0962      97.7100
[2024-08-05 13:10:56,509 INFO Client2]:         11          N     2.0459     0.0088        99.9014     3.0119      73.0700
[2024-08-05 13:10:56,673 INFO Client2]:         12          Y                                          0.1188      97.1800
[2024-08-05 13:10:58,714 INFO Client2]:         12          N     2.0406     0.0118        99.8936     2.4810      72.9100
[2024-08-05 13:10:58,874 INFO Client2]:         13          Y                                          0.0908      97.9600
[2024-08-05 13:11:00,881 INFO Client2]:         13          N     2.0071     0.0086        99.9171     1.9399      75.7400
[2024-08-05 13:11:01,039 INFO Client2]:         14          Y                                          0.0767      98.0300
[2024-08-05 13:11:02,872 INFO Client2]:         14          N     1.8329     0.0096        99.9045     1.9704      74.6100
[2024-08-05 13:11:03,229 INFO Client2]:         15          Y                                          0.0772      98.3000
[2024-08-05 13:11:05,084 INFO Client2]:         15          N     1.8538     0.0111        99.9045     1.6545      77.5300
[2024-08-05 13:11:05,312 INFO Client2]:         16          Y                                          0.0851      98.2100
[2024-08-05 13:11:07,164 INFO Client2]:         16          N     1.8521     0.0100        99.9202     1.3102      80.6800
[2024-08-05 13:11:07,349 INFO Client2]:         17          Y                                          0.0792      98.1200
[2024-08-05 13:11:09,192 INFO Client2]:         17          N     1.8428     0.0132        99.9077     1.8380      76.4100
[2024-08-05 13:11:09,361 INFO Client2]:         18          Y                                          0.0761      98.4000
[2024-08-05 13:11:11,214 INFO Client2]:         18          N     1.8526     0.0097        99.9155     1.8463      76.8200
[2024-08-05 13:11:11,381 INFO Client2]:         19          Y                                          0.0859      98.3100
[2024-08-05 13:11:13,224 INFO Client2]:         19          N     1.8430     0.0090        99.9484     1.1741      80.7900
[2024-08-05 13:11:13,378 INFO Client2]:         20          Y                                          0.0769      98.3800
[2024-08-05 13:11:15,203 INFO Client2]:         20          N     1.8243     0.0061        99.9609     1.0148      85.3000
[2024-08-05 13:11:15,455 INFO Client2]:         21          Y                                          0.0668      98.7700
[2024-08-05 13:11:17,297 INFO Client2]:         21          N     1.8417     0.0114        99.9217     1.0943      83.9500
[2024-08-05 13:11:17,454 INFO Client2]:         22          Y                                          0.0825      98.3100
[2024-08-05 13:11:19,314 INFO Client2]:         22          N     1.8592     0.0049        99.9624     1.7177      83.3000
[2024-08-05 13:11:19,477 INFO Client2]:         23          Y                                          0.0873      98.6600
[2024-08-05 13:11:21,337 INFO Client2]:         23          N     1.8589     0.0086        99.9530     1.3546      83.1100
[2024-08-05 13:11:21,508 INFO Client2]:         24          Y                                          0.0817      98.5900
[2024-08-05 13:11:23,377 INFO Client2]:         24          N     1.8691     0.0116        99.9311     2.1582      80.2400
