Running "module reset". Resetting modules to system default. The following $MODULEPATH directories have been removed: None

Currently Loaded Modules:
  1) gcc/11.4.0      4) cue-login-env/1.0   7) cudnn/8.9.0.131
  2) openmpi/4.1.6   5) slurm-env/0.1       8) anaconda3_gpu/23.9.0
  3) cuda/11.8.0     6) default-s11

 

[2024-08-05 13:01:43,885 INFO Client2]: Logging to ./output/result_Client2_9.txt
[2024-08-05 13:02:12,334 INFO Client2]:      Round   Pre Val?       Time Train Loss Train Accuracy   Val Loss Val Accuracy
[2024-08-05 13:02:13,854 INFO Client2]:          0          Y                                          2.3032      10.4300
[2024-08-05 13:02:16,912 INFO Client2]:          0          N     3.0567     0.2247        97.1922     5.8159      68.8500
[2024-08-05 13:02:17,110 INFO Client2]:          1          Y                                          1.9066      64.4900
[2024-08-05 13:02:18,947 INFO Client2]:          1          N     1.8365     0.0570        99.3037     4.9564      69.0200
[2024-08-05 13:02:19,118 INFO Client2]:          2          Y                                          2.3950      60.4200
[2024-08-05 13:02:20,959 INFO Client2]:          2          N     1.8402     0.0376        99.5461     4.7318      69.0800
[2024-08-05 13:02:21,174 INFO Client2]:          3          Y                                          0.3692      88.6000
[2024-08-05 13:02:23,026 INFO Client2]:          3          N     1.8519     0.0259        99.7105     3.9735      68.9700
[2024-08-05 13:02:23,236 INFO Client2]:          4          Y                                          0.1784      94.7600
[2024-08-05 13:02:25,080 INFO Client2]:          4          N     1.8433     0.0182        99.7668     3.6147      69.2300
[2024-08-05 13:02:25,383 INFO Client2]:          5          Y                                          0.1164      96.6400
[2024-08-05 13:02:27,242 INFO Client2]:          5          N     1.8588     0.0150        99.8200     3.0350      69.5500
[2024-08-05 13:02:27,433 INFO Client2]:          6          Y                                          0.0873      97.5200
[2024-08-05 13:02:29,290 INFO Client2]:          6          N     1.8562     0.0149        99.8388     2.5851      69.5400
[2024-08-05 13:02:29,475 INFO Client2]:          7          Y                                          0.1158      96.5300
[2024-08-05 13:02:31,339 INFO Client2]:          7          N     1.8638     0.0141        99.8623     2.1670      69.5400
[2024-08-05 13:02:31,530 INFO Client2]:          8          Y                                          0.0658      98.3100
[2024-08-05 13:02:33,389 INFO Client2]:          8          N     1.8580     0.0117        99.8701     2.5074      69.9100
[2024-08-05 13:02:33,562 INFO Client2]:          9          Y                                          0.0593      98.5800
[2024-08-05 13:02:35,418 INFO Client2]:          9          N     1.8560     0.0122        99.8654     2.9584      69.7400
[2024-08-05 13:02:35,582 INFO Client2]:         10          Y                                          0.0673      98.3900
[2024-08-05 13:02:37,439 INFO Client2]:         10          N     1.8564     0.0098        99.8857     1.8444      73.1400
[2024-08-05 13:02:37,622 INFO Client2]:         11          Y                                          0.0686      98.2900
[2024-08-05 13:02:39,482 INFO Client2]:         11          N     1.8590     0.0081        99.9139     1.6947      76.0200
[2024-08-05 13:02:39,690 INFO Client2]:         12          Y                                          0.0593      98.5100
[2024-08-05 13:02:41,545 INFO Client2]:         12          N     1.8550     0.0090        99.9186     1.3393      79.0000
[2024-08-05 13:02:41,778 INFO Client2]:         13          Y                                          0.0548      98.8000
[2024-08-05 13:02:43,643 INFO Client2]:         13          N     1.8644     0.0098        99.9264     1.8295      76.6100
[2024-08-05 13:02:43,814 INFO Client2]:         14          Y                                          0.0701      98.4900
[2024-08-05 13:02:45,675 INFO Client2]:         14          N     1.8604     0.0095        99.9139     1.6802      80.4700
[2024-08-05 13:02:45,858 INFO Client2]:         15          Y                                          0.0599      98.9000
[2024-08-05 13:02:47,719 INFO Client2]:         15          N     1.8604     0.0087        99.9186     2.6797      74.7800
[2024-08-05 13:02:47,905 INFO Client2]:         16          Y                                          0.0828      98.5500
[2024-08-05 13:02:49,762 INFO Client2]:         16          N     1.8570     0.0103        99.9343     2.0109      74.7800
[2024-08-05 13:02:49,936 INFO Client2]:         17          Y                                          0.0838      98.4500
[2024-08-05 13:02:51,811 INFO Client2]:         17          N     1.8732     0.0059        99.9546     1.8638      79.5800
[2024-08-05 13:02:51,980 INFO Client2]:         18          Y                                          0.0826      98.4500
[2024-08-05 13:02:53,849 INFO Client2]:         18          N     1.8681     0.0141        99.9139     2.1797      75.8800
[2024-08-05 13:02:54,051 INFO Client2]:         19          Y                                          0.0792      98.5400
[2024-08-05 13:02:55,919 INFO Client2]:         19          N     1.8668     0.0090        99.9343     1.3084      79.8800
[2024-08-05 13:02:56,092 INFO Client2]:         20          Y                                          0.0654      98.8800
[2024-08-05 13:02:57,965 INFO Client2]:         20          N     1.8732     0.0095        99.9311     1.6615      78.8000
[2024-08-05 13:02:58,658 INFO Client2]:         21          Y                                          0.0620      98.7600
[2024-08-05 13:03:00,535 INFO Client2]:         21          N     1.8771     0.0023        99.9750     0.7740      88.5200
[2024-08-05 13:03:00,804 INFO Client2]:         22          Y                                          0.0706      98.8200
[2024-08-05 13:03:02,676 INFO Client2]:         22          N     1.8713     0.0001        99.9984     0.8675      87.4600
[2024-08-05 13:03:02,848 INFO Client2]:         23          Y                                          0.0683      98.9500
[2024-08-05 13:03:04,724 INFO Client2]:         23          N     1.8758     0.0053        99.9593     0.6234      90.8000
[2024-08-05 13:03:05,125 INFO Client2]:         24          Y                                          0.0758      98.8200
[2024-08-05 13:03:06,998 INFO Client2]:         24          N     1.8728     0.0055        99.9609     0.8568      88.3300
