Running "module reset". Resetting modules to system default. The following $MODULEPATH directories have been removed: None

Currently Loaded Modules:
  1) gcc/11.4.0      4) cue-login-env/1.0   7) cudnn/8.9.0.131
  2) openmpi/4.1.6   5) slurm-env/0.1       8) anaconda3_gpu/23.9.0
  3) cuda/11.8.0     6) default-s11

 

[2024-08-03 13:11:16,772 INFO Client1]: Logging to ./output/result_Client1_5.txt
[2024-08-03 13:12:12,047 INFO Client1]:      Round   Pre Val?       Time Train Loss Train Accuracy   Val Loss Val Accuracy
[2024-08-03 13:12:12,494 INFO Client1]:          0          Y                                          2.2994      17.9500
[2024-08-03 13:12:13,695 INFO Client1]:          0          N     1.1986     0.0906        84.1562     3.4125      77.1600
[2024-08-03 13:12:14,082 INFO Client1]:          1          Y                                          1.6707      75.9100
[2024-08-03 13:12:28,703 INFO Client1]:          1          N    14.6211     0.0378        94.0156     3.3799      77.2800
[2024-08-03 13:12:29,008 INFO Client1]:          2          Y                                          1.6543      77.4700
[2024-08-03 13:12:29,749 INFO Client1]:          2          N     0.7393     0.0278        95.3750     3.3825      78.4100
[2024-08-03 13:12:30,009 INFO Client1]:          3          Y                                          2.1175      78.2800
[2024-08-03 13:12:30,763 INFO Client1]:          3          N     0.7537     0.0205        96.5938     3.8176      78.5100
[2024-08-03 13:12:31,053 INFO Client1]:          4          Y                                          2.7083      78.6800
[2024-08-03 13:12:31,802 INFO Client1]:          4          N     0.7473     0.0170        96.9531     4.1776      78.6900
[2024-08-03 13:12:32,691 INFO Client1]:          5          Y                                          3.2320      78.9200
[2024-08-03 13:12:34,871 INFO Client1]:          5          N     2.1760     0.0162        97.1562     5.1565      78.6400
[2024-08-03 13:12:35,147 INFO Client1]:          6          Y                                          3.2320      78.9200
[2024-08-03 13:12:39,579 INFO Client1]:          6          N     4.4313     0.0148        97.4844     5.0542      77.8200
[2024-08-03 13:12:39,850 INFO Client1]:          7          Y                                          4.1821      67.4300
[2024-08-03 13:12:40,548 INFO Client1]:          7          N     0.6963     0.0485        94.1916     2.1651      78.3000
[2024-08-03 13:12:40,806 INFO Client1]:          8          Y                                          0.3883      87.8300
[2024-08-03 13:12:41,557 INFO Client1]:          8          N     0.7497     0.0138        97.6250     1.9990      78.7600
[2024-08-03 13:12:41,807 INFO Client1]:          9          Y                                          0.7510      81.2200
[2024-08-03 13:12:42,552 INFO Client1]:          9          N     0.7431     0.0133        97.5781     2.7743      78.7000
[2024-08-03 13:12:42,810 INFO Client1]:         10          Y                                          1.4729      79.2400
[2024-08-03 13:12:43,565 INFO Client1]:         10          N     0.7460     0.0118        97.9375     3.1495      78.4000
[2024-08-03 13:12:43,829 INFO Client1]:         11          Y                                          2.1442      79.2200
[2024-08-03 13:12:44,710 INFO Client1]:         11          N     0.8784     0.0109        98.1406     4.1499      78.9200
[2024-08-03 13:12:45,022 INFO Client1]:         12          Y                                          2.8331      79.3500
[2024-08-03 13:12:47,435 INFO Client1]:         12          N     2.4118     0.0094        98.4688     4.5649      79.1100
[2024-08-03 13:12:47,685 INFO Client1]:         13          Y                                          2.8331      79.3500
[2024-08-03 13:12:48,409 INFO Client1]:         13          N     0.7236     0.0080        98.5156     4.2704      78.1700
[2024-08-03 13:12:48,675 INFO Client1]:         14          Y                                          3.3098      79.1000
[2024-08-03 13:12:49,639 INFO Client1]:         14          N     0.9630     0.0089        98.3594     4.4109      78.8400
[2024-08-03 13:12:49,889 INFO Client1]:         15          Y                                          3.6779      79.2600
[2024-08-03 13:12:50,907 INFO Client1]:         15          N     1.0170     0.0082        98.7188     5.0698      79.4900
